{"C:\\Users\\g3m03\\OneDrive\\Documents\\BOOKSTORE\\backend\\app.js": {"path":"C:\\Users\\g3m03\\OneDrive\\Documents\\BOOKSTORE\\backend\\app.js","statementMap":{"0":{"start":{"line":1,"column":16},"end":{"line":1,"column":34}},"1":{"start":{"line":2,"column":25},"end":{"line":2,"column":50}},"2":{"start":{"line":3,"column":15},"end":{"line":3,"column":32}},"3":{"start":{"line":4,"column":12},"end":{"line":4,"column":35}},"4":{"start":{"line":5,"column":13},"end":{"line":5,"column":28}},"5":{"start":{"line":6,"column":15},"end":{"line":6,"column":32}},"6":{"start":{"line":7,"column":18},"end":{"line":7,"column":47}},"7":{"start":{"line":8,"column":0},"end":{"line":8,"column":27}},"8":{"start":{"line":10,"column":12},"end":{"line":10,"column":21}},"9":{"start":{"line":11,"column":15},"end":{"line":11,"column":33}},"10":{"start":{"line":12,"column":13},"end":{"line":12,"column":37}},"11":{"start":{"line":15,"column":0},"end":{"line":15,"column":16}},"12":{"start":{"line":16,"column":0},"end":{"line":16,"column":18}},"13":{"start":{"line":17,"column":0},"end":{"line":17,"column":24}},"14":{"start":{"line":19,"column":16},"end":{"line":22,"column":2}},"15":{"start":{"line":25,"column":0},"end":{"line":25,"column":39}},"16":{"start":{"line":26,"column":0},"end":{"line":26,"column":31}},"17":{"start":{"line":29,"column":26},"end":{"line":42,"column":1}},"18":{"start":{"line":30,"column":23},"end":{"line":30,"column":51}},"19":{"start":{"line":31,"column":18},"end":{"line":31,"column":56}},"20":{"start":{"line":33,"column":4},"end":{"line":35,"column":5}},"21":{"start":{"line":34,"column":8},"end":{"line":34,"column":70}},"22":{"start":{"line":37,"column":4},"end":{"line":41,"column":7}},"23":{"start":{"line":38,"column":8},"end":{"line":38,"column":75}},"24":{"start":{"line":38,"column":17},"end":{"line":38,"column":75}},"25":{"start":{"line":39,"column":8},"end":{"line":39,"column":24}},"26":{"start":{"line":40,"column":8},"end":{"line":40,"column":15}},"27":{"start":{"line":45,"column":0},"end":{"line":47,"column":3}},"28":{"start":{"line":46,"column":4},"end":{"line":46,"column":54}},"29":{"start":{"line":50,"column":0},"end":{"line":83,"column":3}},"30":{"start":{"line":51,"column":4},"end":{"line":51,"column":60}},"31":{"start":{"line":52,"column":4},"end":{"line":82,"column":5}},"32":{"start":{"line":53,"column":45},"end":{"line":53,"column":53}},"33":{"start":{"line":55,"column":8},"end":{"line":57,"column":9}},"34":{"start":{"line":56,"column":12},"end":{"line":56,"column":88}},"35":{"start":{"line":59,"column":29},"end":{"line":61,"column":10}},"36":{"start":{"line":63,"column":8},"end":{"line":65,"column":9}},"37":{"start":{"line":64,"column":12},"end":{"line":64,"column":76}},"38":{"start":{"line":67,"column":31},"end":{"line":67,"column":62}},"39":{"start":{"line":69,"column":24},"end":{"line":75,"column":10}},"40":{"start":{"line":77,"column":8},"end":{"line":77,"column":49}},"41":{"start":{"line":78,"column":8},"end":{"line":78,"column":94}},"42":{"start":{"line":80,"column":8},"end":{"line":80,"column":52}},"43":{"start":{"line":81,"column":8},"end":{"line":81,"column":67}},"44":{"start":{"line":86,"column":0},"end":{"line":114,"column":3}},"45":{"start":{"line":87,"column":4},"end":{"line":113,"column":5}},"46":{"start":{"line":88,"column":36},"end":{"line":88,"column":44}},"47":{"start":{"line":90,"column":8},"end":{"line":92,"column":9}},"48":{"start":{"line":91,"column":12},"end":{"line":91,"column":88}},"49":{"start":{"line":94,"column":8},"end":{"line":94,"column":56}},"50":{"start":{"line":95,"column":21},"end":{"line":95,"column":71}},"51":{"start":{"line":96,"column":8},"end":{"line":99,"column":9}},"52":{"start":{"line":97,"column":12},"end":{"line":97,"column":42}},"53":{"start":{"line":98,"column":12},"end":{"line":98,"column":82}},"54":{"start":{"line":101,"column":32},"end":{"line":101,"column":77}},"55":{"start":{"line":102,"column":8},"end":{"line":102,"column":56}},"56":{"start":{"line":104,"column":8},"end":{"line":106,"column":9}},"57":{"start":{"line":105,"column":12},"end":{"line":105,"column":82}},"58":{"start":{"line":108,"column":22},"end":{"line":108,"column":119}},"59":{"start":{"line":109,"column":8},"end":{"line":109,"column":69}},"60":{"start":{"line":111,"column":8},"end":{"line":111,"column":45}},"61":{"start":{"line":112,"column":8},"end":{"line":112,"column":67}},"62":{"start":{"line":117,"column":0},"end":{"line":130,"column":3}},"63":{"start":{"line":118,"column":4},"end":{"line":129,"column":5}},"64":{"start":{"line":119,"column":21},"end":{"line":121,"column":10}},"65":{"start":{"line":122,"column":8},"end":{"line":124,"column":9}},"66":{"start":{"line":123,"column":12},"end":{"line":123,"column":71}},"67":{"start":{"line":125,"column":8},"end":{"line":125,"column":35}},"68":{"start":{"line":127,"column":8},"end":{"line":127,"column":61}},"69":{"start":{"line":128,"column":8},"end":{"line":128,"column":67}},"70":{"start":{"line":133,"column":0},"end":{"line":148,"column":3}},"71":{"start":{"line":134,"column":22},"end":{"line":134,"column":32}},"72":{"start":{"line":135,"column":4},"end":{"line":147,"column":5}},"73":{"start":{"line":136,"column":21},"end":{"line":138,"column":10}},"74":{"start":{"line":139,"column":8},"end":{"line":143,"column":9}},"75":{"start":{"line":140,"column":12},"end":{"line":140,"column":39}},"76":{"start":{"line":142,"column":12},"end":{"line":142,"column":64}},"77":{"start":{"line":145,"column":8},"end":{"line":145,"column":29}},"78":{"start":{"line":146,"column":8},"end":{"line":146,"column":67}},"79":{"start":{"line":151,"column":0},"end":{"line":164,"column":3}},"80":{"start":{"line":152,"column":35},"end":{"line":152,"column":43}},"81":{"start":{"line":153,"column":4},"end":{"line":163,"column":5}},"82":{"start":{"line":154,"column":31},"end":{"line":154,"column":65}},"83":{"start":{"line":155,"column":8},"end":{"line":158,"column":11}},"84":{"start":{"line":159,"column":8},"end":{"line":159,"column":76}},"85":{"start":{"line":161,"column":8},"end":{"line":161,"column":29}},"86":{"start":{"line":162,"column":8},"end":{"line":162,"column":70}},"87":{"start":{"line":167,"column":0},"end":{"line":180,"column":3}},"88":{"start":{"line":168,"column":17},"end":{"line":168,"column":81}},"89":{"start":{"line":169,"column":4},"end":{"line":171,"column":5}},"90":{"start":{"line":170,"column":8},"end":{"line":170,"column":66}},"91":{"start":{"line":173,"column":4},"end":{"line":179,"column":5}},"92":{"start":{"line":174,"column":22},"end":{"line":174,"column":50}},"93":{"start":{"line":175,"column":8},"end":{"line":175,"column":36}},"94":{"start":{"line":177,"column":8},"end":{"line":177,"column":29}},"95":{"start":{"line":178,"column":8},"end":{"line":178,"column":67}},"96":{"start":{"line":183,"column":0},"end":{"line":219,"column":3}},"97":{"start":{"line":184,"column":50},"end":{"line":184,"column":59}},"98":{"start":{"line":185,"column":17},"end":{"line":185,"column":35}},"99":{"start":{"line":187,"column":4},"end":{"line":187,"column":67}},"100":{"start":{"line":189,"column":4},"end":{"line":218,"column":5}},"101":{"start":{"line":190,"column":22},"end":{"line":199,"column":10}},"102":{"start":{"line":201,"column":27},"end":{"line":207,"column":10}},"103":{"start":{"line":209,"column":8},"end":{"line":214,"column":11}},"104":{"start":{"line":216,"column":8},"end":{"line":216,"column":62}},"105":{"start":{"line":217,"column":8},"end":{"line":217,"column":89}},"106":{"start":{"line":222,"column":0},"end":{"line":252,"column":3}},"107":{"start":{"line":223,"column":17},"end":{"line":223,"column":81}},"108":{"start":{"line":224,"column":4},"end":{"line":226,"column":5}},"109":{"start":{"line":225,"column":8},"end":{"line":225,"column":66}},"110":{"start":{"line":228,"column":88},"end":{"line":228,"column":96}},"111":{"start":{"line":230,"column":4},"end":{"line":251,"column":5}},"112":{"start":{"line":231,"column":24},"end":{"line":245,"column":10}},"113":{"start":{"line":242,"column":54},"end":{"line":242,"column":70}},"114":{"start":{"line":247,"column":8},"end":{"line":247,"column":38}},"115":{"start":{"line":249,"column":8},"end":{"line":249,"column":54}},"116":{"start":{"line":250,"column":8},"end":{"line":250,"column":73}},"117":{"start":{"line":255,"column":0},"end":{"line":273,"column":3}},"118":{"start":{"line":256,"column":19},"end":{"line":256,"column":29}},"119":{"start":{"line":258,"column":4},"end":{"line":272,"column":5}},"120":{"start":{"line":259,"column":21},"end":{"line":262,"column":10}},"121":{"start":{"line":264,"column":8},"end":{"line":266,"column":9}},"122":{"start":{"line":265,"column":12},"end":{"line":265,"column":71}},"123":{"start":{"line":268,"column":8},"end":{"line":268,"column":35}},"124":{"start":{"line":270,"column":8},"end":{"line":270,"column":53}},"125":{"start":{"line":271,"column":8},"end":{"line":271,"column":67}},"126":{"start":{"line":276,"column":0},"end":{"line":307,"column":3}},"127":{"start":{"line":277,"column":17},"end":{"line":277,"column":81}},"128":{"start":{"line":278,"column":4},"end":{"line":280,"column":5}},"129":{"start":{"line":279,"column":8},"end":{"line":279,"column":66}},"130":{"start":{"line":282,"column":19},"end":{"line":282,"column":29}},"131":{"start":{"line":283,"column":88},"end":{"line":283,"column":96}},"132":{"start":{"line":285,"column":4},"end":{"line":306,"column":5}},"133":{"start":{"line":286,"column":28},"end":{"line":300,"column":10}},"134":{"start":{"line":297,"column":50},"end":{"line":297,"column":66}},"135":{"start":{"line":302,"column":8},"end":{"line":302,"column":42}},"136":{"start":{"line":304,"column":8},"end":{"line":304,"column":53}},"137":{"start":{"line":305,"column":8},"end":{"line":305,"column":67}},"138":{"start":{"line":310,"column":0},"end":{"line":325,"column":3}},"139":{"start":{"line":311,"column":17},"end":{"line":311,"column":81}},"140":{"start":{"line":312,"column":4},"end":{"line":314,"column":5}},"141":{"start":{"line":313,"column":8},"end":{"line":313,"column":66}},"142":{"start":{"line":316,"column":19},"end":{"line":316,"column":29}},"143":{"start":{"line":318,"column":4},"end":{"line":324,"column":5}},"144":{"start":{"line":319,"column":8},"end":{"line":319,"column":64}},"145":{"start":{"line":320,"column":8},"end":{"line":320,"column":31}},"146":{"start":{"line":322,"column":8},"end":{"line":322,"column":53}},"147":{"start":{"line":323,"column":8},"end":{"line":323,"column":67}},"148":{"start":{"line":328,"column":0},"end":{"line":331,"column":3}},"149":{"start":{"line":329,"column":4},"end":{"line":329,"column":48}},"150":{"start":{"line":330,"column":4},"end":{"line":330,"column":63}},"151":{"start":{"line":334,"column":0},"end":{"line":338,"column":1}},"152":{"start":{"line":335,"column":4},"end":{"line":337,"column":7}},"153":{"start":{"line":336,"column":8},"end":{"line":336,"column":69}},"154":{"start":{"line":340,"column":0},"end":{"line":340,"column":33}}},"fnMap":{"0":{"name":"(anonymous_0)","decl":{"start":{"line":29,"column":26},"end":{"line":29,"column":27}},"loc":{"start":{"line":29,"column":46},"end":{"line":42,"column":1}},"line":29},"1":{"name":"(anonymous_1)","decl":{"start":{"line":37,"column":46},"end":{"line":37,"column":47}},"loc":{"start":{"line":37,"column":61},"end":{"line":41,"column":5}},"line":37},"2":{"name":"(anonymous_2)","decl":{"start":{"line":45,"column":21},"end":{"line":45,"column":22}},"loc":{"start":{"line":45,"column":35},"end":{"line":47,"column":1}},"line":45},"3":{"name":"(anonymous_3)","decl":{"start":{"line":50,"column":31},"end":{"line":50,"column":32}},"loc":{"start":{"line":50,"column":51},"end":{"line":83,"column":1}},"line":50},"4":{"name":"(anonymous_4)","decl":{"start":{"line":86,"column":23},"end":{"line":86,"column":24}},"loc":{"start":{"line":86,"column":43},"end":{"line":114,"column":1}},"line":86},"5":{"name":"(anonymous_5)","decl":{"start":{"line":117,"column":48},"end":{"line":117,"column":49}},"loc":{"start":{"line":117,"column":68},"end":{"line":130,"column":1}},"line":117},"6":{"name":"(anonymous_6)","decl":{"start":{"line":133,"column":28},"end":{"line":133,"column":29}},"loc":{"start":{"line":133,"column":48},"end":{"line":148,"column":1}},"line":133},"7":{"name":"(anonymous_7)","decl":{"start":{"line":151,"column":51},"end":{"line":151,"column":52}},"loc":{"start":{"line":151,"column":71},"end":{"line":164,"column":1}},"line":151},"8":{"name":"(anonymous_8)","decl":{"start":{"line":167,"column":41},"end":{"line":167,"column":42}},"loc":{"start":{"line":167,"column":61},"end":{"line":180,"column":1}},"line":167},"9":{"name":"(anonymous_9)","decl":{"start":{"line":183,"column":22},"end":{"line":183,"column":23}},"loc":{"start":{"line":183,"column":42},"end":{"line":219,"column":1}},"line":183},"10":{"name":"(anonymous_10)","decl":{"start":{"line":222,"column":42},"end":{"line":222,"column":43}},"loc":{"start":{"line":222,"column":62},"end":{"line":252,"column":1}},"line":222},"11":{"name":"(anonymous_11)","decl":{"start":{"line":242,"column":41},"end":{"line":242,"column":42}},"loc":{"start":{"line":242,"column":54},"end":{"line":242,"column":70}},"line":242},"12":{"name":"(anonymous_12)","decl":{"start":{"line":255,"column":26},"end":{"line":255,"column":27}},"loc":{"start":{"line":255,"column":46},"end":{"line":273,"column":1}},"line":255},"13":{"name":"(anonymous_13)","decl":{"start":{"line":276,"column":45},"end":{"line":276,"column":46}},"loc":{"start":{"line":276,"column":65},"end":{"line":307,"column":1}},"line":276},"14":{"name":"(anonymous_14)","decl":{"start":{"line":297,"column":37},"end":{"line":297,"column":38}},"loc":{"start":{"line":297,"column":50},"end":{"line":297,"column":66}},"line":297},"15":{"name":"(anonymous_15)","decl":{"start":{"line":310,"column":48},"end":{"line":310,"column":49}},"loc":{"start":{"line":310,"column":68},"end":{"line":325,"column":1}},"line":310},"16":{"name":"(anonymous_16)","decl":{"start":{"line":328,"column":8},"end":{"line":328,"column":9}},"loc":{"start":{"line":328,"column":33},"end":{"line":331,"column":1}},"line":328},"17":{"name":"(anonymous_17)","decl":{"start":{"line":335,"column":21},"end":{"line":335,"column":22}},"loc":{"start":{"line":335,"column":27},"end":{"line":337,"column":5}},"line":335}},"branchMap":{"0":{"loc":{"start":{"line":12,"column":13},"end":{"line":12,"column":37}},"type":"binary-expr","locations":[{"start":{"line":12,"column":13},"end":{"line":12,"column":29}},{"start":{"line":12,"column":33},"end":{"line":12,"column":37}}],"line":12},"1":{"loc":{"start":{"line":31,"column":18},"end":{"line":31,"column":56}},"type":"binary-expr","locations":[{"start":{"line":31,"column":18},"end":{"line":31,"column":28}},{"start":{"line":31,"column":32},"end":{"line":31,"column":56}}],"line":31},"2":{"loc":{"start":{"line":33,"column":4},"end":{"line":35,"column":5}},"type":"if","locations":[{"start":{"line":33,"column":4},"end":{"line":35,"column":5}},{"start":{},"end":{}}],"line":33},"3":{"loc":{"start":{"line":38,"column":8},"end":{"line":38,"column":75}},"type":"if","locations":[{"start":{"line":38,"column":8},"end":{"line":38,"column":75}},{"start":{},"end":{}}],"line":38},"4":{"loc":{"start":{"line":55,"column":8},"end":{"line":57,"column":9}},"type":"if","locations":[{"start":{"line":55,"column":8},"end":{"line":57,"column":9}},{"start":{},"end":{}}],"line":55},"5":{"loc":{"start":{"line":55,"column":12},"end":{"line":55,"column":31}},"type":"binary-expr","locations":[{"start":{"line":55,"column":12},"end":{"line":55,"column":18}},{"start":{"line":55,"column":22},"end":{"line":55,"column":31}}],"line":55},"6":{"loc":{"start":{"line":63,"column":8},"end":{"line":65,"column":9}},"type":"if","locations":[{"start":{"line":63,"column":8},"end":{"line":65,"column":9}},{"start":{},"end":{}}],"line":63},"7":{"loc":{"start":{"line":73,"column":25},"end":{"line":73,"column":78}},"type":"binary-expr","locations":[{"start":{"line":73,"column":25},"end":{"line":73,"column":58}},{"start":{"line":73,"column":62},"end":{"line":73,"column":78}}],"line":73},"8":{"loc":{"start":{"line":90,"column":8},"end":{"line":92,"column":9}},"type":"if","locations":[{"start":{"line":90,"column":8},"end":{"line":92,"column":9}},{"start":{},"end":{}}],"line":90},"9":{"loc":{"start":{"line":90,"column":12},"end":{"line":90,"column":31}},"type":"binary-expr","locations":[{"start":{"line":90,"column":12},"end":{"line":90,"column":18}},{"start":{"line":90,"column":22},"end":{"line":90,"column":31}}],"line":90},"10":{"loc":{"start":{"line":96,"column":8},"end":{"line":99,"column":9}},"type":"if","locations":[{"start":{"line":96,"column":8},"end":{"line":99,"column":9}},{"start":{},"end":{}}],"line":96},"11":{"loc":{"start":{"line":104,"column":8},"end":{"line":106,"column":9}},"type":"if","locations":[{"start":{"line":104,"column":8},"end":{"line":106,"column":9}},{"start":{},"end":{}}],"line":104},"12":{"loc":{"start":{"line":122,"column":8},"end":{"line":124,"column":9}},"type":"if","locations":[{"start":{"line":122,"column":8},"end":{"line":124,"column":9}},{"start":{},"end":{}}],"line":122},"13":{"loc":{"start":{"line":139,"column":8},"end":{"line":143,"column":9}},"type":"if","locations":[{"start":{"line":139,"column":8},"end":{"line":143,"column":9}},{"start":{"line":141,"column":15},"end":{"line":143,"column":9}}],"line":139},"14":{"loc":{"start":{"line":169,"column":4},"end":{"line":171,"column":5}},"type":"if","locations":[{"start":{"line":169,"column":4},"end":{"line":171,"column":5}},{"start":{},"end":{}}],"line":169},"15":{"loc":{"start":{"line":169,"column":8},"end":{"line":169,"column":30}},"type":"binary-expr","locations":[{"start":{"line":169,"column":8},"end":{"line":169,"column":13}},{"start":{"line":169,"column":17},"end":{"line":169,"column":30}}],"line":169},"16":{"loc":{"start":{"line":184,"column":12},"end":{"line":184,"column":20}},"type":"default-arg","locations":[{"start":{"line":184,"column":19},"end":{"line":184,"column":20}}],"line":184},"17":{"loc":{"start":{"line":184,"column":22},"end":{"line":184,"column":32}},"type":"default-arg","locations":[{"start":{"line":184,"column":30},"end":{"line":184,"column":32}}],"line":184},"18":{"loc":{"start":{"line":184,"column":34},"end":{"line":184,"column":45}},"type":"default-arg","locations":[{"start":{"line":184,"column":43},"end":{"line":184,"column":45}}],"line":184},"19":{"loc":{"start":{"line":224,"column":4},"end":{"line":226,"column":5}},"type":"if","locations":[{"start":{"line":224,"column":4},"end":{"line":226,"column":5}},{"start":{},"end":{}}],"line":224},"20":{"loc":{"start":{"line":224,"column":8},"end":{"line":224,"column":30}},"type":"binary-expr","locations":[{"start":{"line":224,"column":8},"end":{"line":224,"column":13}},{"start":{"line":224,"column":17},"end":{"line":224,"column":30}}],"line":224},"21":{"loc":{"start":{"line":264,"column":8},"end":{"line":266,"column":9}},"type":"if","locations":[{"start":{"line":264,"column":8},"end":{"line":266,"column":9}},{"start":{},"end":{}}],"line":264},"22":{"loc":{"start":{"line":278,"column":4},"end":{"line":280,"column":5}},"type":"if","locations":[{"start":{"line":278,"column":4},"end":{"line":280,"column":5}},{"start":{},"end":{}}],"line":278},"23":{"loc":{"start":{"line":278,"column":8},"end":{"line":278,"column":30}},"type":"binary-expr","locations":[{"start":{"line":278,"column":8},"end":{"line":278,"column":13}},{"start":{"line":278,"column":17},"end":{"line":278,"column":30}}],"line":278},"24":{"loc":{"start":{"line":312,"column":4},"end":{"line":314,"column":5}},"type":"if","locations":[{"start":{"line":312,"column":4},"end":{"line":314,"column":5}},{"start":{},"end":{}}],"line":312},"25":{"loc":{"start":{"line":312,"column":8},"end":{"line":312,"column":30}},"type":"binary-expr","locations":[{"start":{"line":312,"column":8},"end":{"line":312,"column":13}},{"start":{"line":312,"column":17},"end":{"line":312,"column":30}}],"line":312},"26":{"loc":{"start":{"line":334,"column":0},"end":{"line":338,"column":1}},"type":"if","locations":[{"start":{"line":334,"column":0},"end":{"line":338,"column":1}},{"start":{},"end":{}}],"line":334}},"s":{"0":2,"1":2,"2":2,"3":2,"4":2,"5":2,"6":2,"7":2,"8":2,"9":2,"10":2,"11":2,"12":2,"13":2,"14":2,"15":2,"16":2,"17":2,"18":0,"19":0,"20":0,"21":0,"22":0,"23":0,"24":0,"25":0,"26":0,"27":2,"28":0,"29":2,"30":2,"31":2,"32":2,"33":2,"34":0,"35":2,"36":2,"37":1,"38":1,"39":1,"40":1,"41":1,"42":0,"43":0,"44":2,"45":1,"46":1,"47":1,"48":0,"49":1,"50":1,"51":1,"52":0,"53":0,"54":1,"55":1,"56":1,"57":0,"58":1,"59":1,"60":0,"61":0,"62":2,"63":0,"64":0,"65":0,"66":0,"67":0,"68":0,"69":0,"70":2,"71":0,"72":0,"73":0,"74":0,"75":0,"76":0,"77":0,"78":0,"79":2,"80":0,"81":0,"82":0,"83":0,"84":0,"85":0,"86":0,"87":2,"88":0,"89":0,"90":0,"91":0,"92":0,"93":0,"94":0,"95":0,"96":2,"97":0,"98":0,"99":0,"100":0,"101":0,"102":0,"103":0,"104":0,"105":0,"106":2,"107":0,"108":0,"109":0,"110":0,"111":0,"112":0,"113":0,"114":0,"115":0,"116":0,"117":2,"118":0,"119":0,"120":0,"121":0,"122":0,"123":0,"124":0,"125":0,"126":2,"127":0,"128":0,"129":0,"130":0,"131":0,"132":0,"133":0,"134":0,"135":0,"136":0,"137":0,"138":2,"139":0,"140":0,"141":0,"142":0,"143":0,"144":0,"145":0,"146":0,"147":0,"148":2,"149":0,"150":0,"151":2,"152":0,"153":0,"154":2},"f":{"0":0,"1":0,"2":0,"3":2,"4":1,"5":0,"6":0,"7":0,"8":0,"9":0,"10":0,"11":0,"12":0,"13":0,"14":0,"15":0,"16":0,"17":0},"b":{"0":[2,0],"1":[0,0],"2":[0,0],"3":[0,0],"4":[0,2],"5":[2,2],"6":[1,1],"7":[1,0],"8":[0,1],"9":[1,1],"10":[0,1],"11":[0,1],"12":[0,0],"13":[0,0],"14":[0,0],"15":[0,0],"16":[0],"17":[0],"18":[0],"19":[0,0],"20":[0,0],"21":[0,0],"22":[0,0],"23":[0,0],"24":[0,0],"25":[0,0],"26":[0,2]},"_coverageSchema":"1a1c01bbd47fc00a2c39e90264f33305004495a9","hash":"0406db3d0451a6a9680ee19f81994f5cf2e76317"}
}
