TN:
SF:app.js
FN:29,(anonymous_0)
FN:37,(anonymous_1)
FN:45,(anonymous_2)
FN:50,(anonymous_3)
FN:86,(anonymous_4)
FN:117,(anonymous_5)
FN:133,(anonymous_6)
FN:151,(anonymous_7)
FN:167,(anonymous_8)
FN:183,(anonymous_9)
FN:222,(anonymous_10)
FN:242,(anonymous_11)
FN:255,(anonymous_12)
FN:276,(anonymous_13)
FN:297,(anonymous_14)
FN:310,(anonymous_15)
FN:328,(anonymous_16)
FN:335,(anonymous_17)
FNF:18
FNH:2
FNDA:0,(anonymous_0)
FNDA:0,(anonymous_1)
FNDA:0,(anonymous_2)
FNDA:2,(anonymous_3)
FNDA:1,(anonymous_4)
FNDA:0,(anonymous_5)
FNDA:0,(anonymous_6)
FNDA:0,(anonymous_7)
FNDA:0,(anonymous_8)
FNDA:0,(anonymous_9)
FNDA:0,(anonymous_10)
FNDA:0,(anonymous_11)
FNDA:0,(anonymous_12)
FNDA:0,(anonymous_13)
FNDA:0,(anonymous_14)
FNDA:0,(anonymous_15)
FNDA:0,(anonymous_16)
FNDA:0,(anonymous_17)
DA:1,2
DA:2,2
DA:3,2
DA:4,2
DA:5,2
DA:6,2
DA:7,2
DA:8,2
DA:10,2
DA:11,2
DA:12,2
DA:15,2
DA:16,2
DA:17,2
DA:19,2
DA:25,2
DA:26,2
DA:29,2
DA:30,0
DA:31,0
DA:33,0
DA:34,0
DA:37,0
DA:38,0
DA:39,0
DA:40,0
DA:45,2
DA:46,0
DA:50,2
DA:51,2
DA:52,2
DA:53,2
DA:55,2
DA:56,0
DA:59,2
DA:63,2
DA:64,1
DA:67,1
DA:69,1
DA:77,1
DA:78,1
DA:80,0
DA:81,0
DA:86,2
DA:87,1
DA:88,1
DA:90,1
DA:91,0
DA:94,1
DA:95,1
DA:96,1
DA:97,0
DA:98,0
DA:101,1
DA:102,1
DA:104,1
DA:105,0
DA:108,1
DA:109,1
DA:111,0
DA:112,0
DA:117,2
DA:118,0
DA:119,0
DA:122,0
DA:123,0
DA:125,0
DA:127,0
DA:128,0
DA:133,2
DA:134,0
DA:135,0
DA:136,0
DA:139,0
DA:140,0
DA:142,0
DA:145,0
DA:146,0
DA:151,2
DA:152,0
DA:153,0
DA:154,0
DA:155,0
DA:159,0
DA:161,0
DA:162,0
DA:167,2
DA:168,0
DA:169,0
DA:170,0
DA:173,0
DA:174,0
DA:175,0
DA:177,0
DA:178,0
DA:183,2
DA:184,0
DA:185,0
DA:187,0
DA:189,0
DA:190,0
DA:201,0
DA:209,0
DA:216,0
DA:217,0
DA:222,2
DA:223,0
DA:224,0
DA:225,0
DA:228,0
DA:230,0
DA:231,0
DA:242,0
DA:247,0
DA:249,0
DA:250,0
DA:255,2
DA:256,0
DA:258,0
DA:259,0
DA:264,0
DA:265,0
DA:268,0
DA:270,0
DA:271,0
DA:276,2
DA:277,0
DA:278,0
DA:279,0
DA:282,0
DA:283,0
DA:285,0
DA:286,0
DA:297,0
DA:302,0
DA:304,0
DA:305,0
DA:310,2
DA:311,0
DA:312,0
DA:313,0
DA:316,0
DA:318,0
DA:319,0
DA:320,0
DA:322,0
DA:323,0
DA:328,2
DA:329,0
DA:330,0
DA:334,2
DA:335,0
DA:336,0
DA:340,2
LF:154
LH:55
BRDA:12,0,0,2
BRDA:12,0,1,0
BRDA:31,1,0,0
BRDA:31,1,1,0
BRDA:33,2,0,0
BRDA:33,2,1,0
BRDA:38,3,0,0
BRDA:38,3,1,0
BRDA:55,4,0,0
BRDA:55,4,1,2
BRDA:55,5,0,2
BRDA:55,5,1,2
BRDA:63,6,0,1
BRDA:63,6,1,1
BRDA:73,7,0,1
BRDA:73,7,1,0
BRDA:90,8,0,0
BRDA:90,8,1,1
BRDA:90,9,0,1
BRDA:90,9,1,1
BRDA:96,10,0,0
BRDA:96,10,1,1
BRDA:104,11,0,0
BRDA:104,11,1,1
BRDA:122,12,0,0
BRDA:122,12,1,0
BRDA:139,13,0,0
BRDA:139,13,1,0
BRDA:169,14,0,0
BRDA:169,14,1,0
BRDA:169,15,0,0
BRDA:169,15,1,0
BRDA:184,16,0,0
BRDA:184,17,0,0
BRDA:184,18,0,0
BRDA:224,19,0,0
BRDA:224,19,1,0
BRDA:224,20,0,0
BRDA:224,20,1,0
BRDA:264,21,0,0
BRDA:264,21,1,0
BRDA:278,22,0,0
BRDA:278,22,1,0
BRDA:278,23,0,0
BRDA:278,23,1,0
BRDA:312,24,0,0
BRDA:312,24,1,0
BRDA:312,25,0,0
BRDA:312,25,1,0
BRDA:334,26,0,0
BRDA:334,26,1,2
BRF:51
BRH:13
end_of_record
